{"/home/s/Desktop/proj/scyberLink/babel-plugin-transform-reblend-function-to-class/babel.config.js": {"path":"/home/s/Desktop/proj/scyberLink/babel-plugin-transform-reblend-function-to-class/babel.config.js","statementMap":{"0":{"start":{"line":1,"column":0},"end":{"line":4,"column":2}}},"fnMap":{},"branchMap":{},"s":{"0":12},"f":{},"b":{},"_coverageSchema":"1a1c01bbd47fc00a2c39e90264f33305004495a9","hash":"2c9bfa850aaf288fbe4a7968b5c64cd9895f94dc"}
,"/home/s/Desktop/proj/scyberLink/babel-plugin-transform-reblend-function-to-class/src/index.ts": {"path":"/home/s/Desktop/proj/scyberLink/babel-plugin-transform-reblend-function-to-class/src/index.ts","statementMap":{"0":{"start":{"line":13,"column":32},"end":{"line":65,"column":1}},"1":{"start":{"line":19,"column":2},"end":{"line":64,"column":5}},"2":{"start":{"line":20,"column":4},"end":{"line":63,"column":5}},"3":{"start":{"line":21,"column":6},"end":{"line":21,"column":51}},"4":{"start":{"line":22,"column":6},"end":{"line":30,"column":8}},"5":{"start":{"line":31,"column":11},"end":{"line":63,"column":5}},"6":{"start":{"line":33,"column":6},"end":{"line":46,"column":9}},"7":{"start":{"line":34,"column":8},"end":{"line":45,"column":9}},"8":{"start":{"line":35,"column":10},"end":{"line":35,"column":48}},"9":{"start":{"line":36,"column":10},"end":{"line":44,"column":12}},"10":{"start":{"line":47,"column":11},"end":{"line":63,"column":5}},"11":{"start":{"line":49,"column":6},"end":{"line":62,"column":9}},"12":{"start":{"line":50,"column":8},"end":{"line":61,"column":9}},"13":{"start":{"line":51,"column":10},"end":{"line":51,"column":55}},"14":{"start":{"line":52,"column":10},"end":{"line":60,"column":12}},"15":{"start":{"line":67,"column":41},"end":{"line":236,"column":1}},"16":{"start":{"line":68,"column":20},"end":{"line":68,"column":25}},"17":{"start":{"line":70,"column":2},"end":{"line":80,"column":5}},"18":{"start":{"line":72,"column":6},"end":{"line":78,"column":7}},"19":{"start":{"line":77,"column":8},"end":{"line":77,"column":27}},"20":{"start":{"line":82,"column":27},"end":{"line":82,"column":32}},"21":{"start":{"line":83,"column":19},"end":{"line":83,"column":42}},"22":{"start":{"line":84,"column":2},"end":{"line":90,"column":3}},"23":{"start":{"line":85,"column":4},"end":{"line":89,"column":7}},"24":{"start":{"line":86,"column":6},"end":{"line":88,"column":7}},"25":{"start":{"line":87,"column":8},"end":{"line":87,"column":34}},"26":{"start":{"line":92,"column":2},"end":{"line":235,"column":3}},"27":{"start":{"line":93,"column":4},"end":{"line":93,"column":76}},"28":{"start":{"line":95,"column":28},"end":{"line":95,"column":68}},"29":{"start":{"line":97,"column":49},"end":{"line":97,"column":51}},"30":{"start":{"line":100,"column":4},"end":{"line":106,"column":7}},"31":{"start":{"line":101,"column":6},"end":{"line":105,"column":7}},"32":{"start":{"line":102,"column":8},"end":{"line":102,"column":42}},"33":{"start":{"line":104,"column":8},"end":{"line":104,"column":46}},"34":{"start":{"line":108,"column":32},"end":{"line":108,"column":49}},"35":{"start":{"line":109,"column":58},"end":{"line":109,"column":60}},"36":{"start":{"line":111,"column":4},"end":{"line":131,"column":7}},"37":{"start":{"line":112,"column":6},"end":{"line":130,"column":7}},"38":{"start":{"line":113,"column":8},"end":{"line":118,"column":10}},"39":{"start":{"line":119,"column":13},"end":{"line":130,"column":7}},"40":{"start":{"line":120,"column":8},"end":{"line":120,"column":57}},"41":{"start":{"line":121,"column":8},"end":{"line":129,"column":10}},"42":{"start":{"line":133,"column":30},"end":{"line":141,"column":null}},"43":{"start":{"line":144,"column":25},"end":{"line":148,"column":null}},"44":{"start":{"line":152,"column":6},"end":{"line":156,"column":26}},"45":{"start":{"line":158,"column":31},"end":{"line":200,"column":6}},"46":{"start":{"line":160,"column":26},"end":{"line":167,"column":10}},"47":{"start":{"line":161,"column":22},"end":{"line":161,"column":50}},"48":{"start":{"line":162,"column":10},"end":{"line":166,"column":12}},"49":{"start":{"line":168,"column":26},"end":{"line":171,"column":null}},"50":{"start":{"line":169,"column":10},"end":{"line":171,"column":65}},"51":{"start":{"line":173,"column":8},"end":{"line":198,"column":9}},"52":{"start":{"line":177,"column":10},"end":{"line":197,"column":11}},"53":{"start":{"line":178,"column":12},"end":{"line":180,"column":14}},"54":{"start":{"line":181,"column":17},"end":{"line":197,"column":11}},"55":{"start":{"line":182,"column":12},"end":{"line":196,"column":13}},"56":{"start":{"line":183,"column":14},"end":{"line":188,"column":16}},"57":{"start":{"line":190,"column":14},"end":{"line":195,"column":16}},"58":{"start":{"line":202,"column":4},"end":{"line":202,"column":68}},"59":{"start":{"line":204,"column":22},"end":{"line":204,"column":55}},"60":{"start":{"line":205,"column":22},"end":{"line":210,"column":null}},"61":{"start":{"line":213,"column":22},"end":{"line":218,"column":null}},"62":{"start":{"line":222,"column":4},"end":{"line":222,"column":61}},"63":{"start":{"line":225,"column":4},"end":{"line":234,"column":5}},"64":{"start":{"line":226,"column":18},"end":{"line":228,"column":null}},"65":{"start":{"line":230,"column":6},"end":{"line":230,"column":80}},"66":{"start":{"line":231,"column":6},"end":{"line":231,"column":50}},"67":{"start":{"line":233,"column":6},"end":{"line":233,"column":34}},"68":{"start":{"line":243,"column":2},"end":{"line":250,"column":4}},"69":{"start":{"line":246,"column":25},"end":{"line":246,"column":29}},"70":{"start":{"line":247,"column":8},"end":{"line":247,"column":39}},"71":{"start":{"line":238,"column":0},"end":{"line":238,"column":25}}},"fnMap":{"0":{"name":"(anonymous_0)","decl":{"start":{"line":13,"column":32},"end":{"line":13,"column":null}},"loc":{"start":{"line":18,"column":10},"end":{"line":65,"column":1}}},"1":{"name":"(anonymous_1)","decl":{"start":{"line":19,"column":23},"end":{"line":19,"column":24}},"loc":{"start":{"line":19,"column":39},"end":{"line":64,"column":3}}},"2":{"name":"(anonymous_2)","decl":{"start":{"line":33,"column":38},"end":{"line":33,"column":39}},"loc":{"start":{"line":33,"column":50},"end":{"line":46,"column":7}}},"3":{"name":"(anonymous_3)","decl":{"start":{"line":49,"column":40},"end":{"line":49,"column":41}},"loc":{"start":{"line":49,"column":53},"end":{"line":62,"column":7}}},"4":{"name":"(anonymous_4)","decl":{"start":{"line":67,"column":41},"end":{"line":67,"column":42}},"loc":{"start":{"line":67,"column":59},"end":{"line":236,"column":1}}},"5":{"name":"(anonymous_5)","decl":{"start":{"line":71,"column":4},"end":{"line":71,"column":19}},"loc":{"start":{"line":71,"column":30},"end":{"line":79,"column":5}}},"6":{"name":"(anonymous_6)","decl":{"start":{"line":85,"column":21},"end":{"line":85,"column":22}},"loc":{"start":{"line":85,"column":33},"end":{"line":89,"column":5}}},"7":{"name":"(anonymous_7)","decl":{"start":{"line":100,"column":27},"end":{"line":100,"column":28}},"loc":{"start":{"line":100,"column":41},"end":{"line":106,"column":5}}},"8":{"name":"(anonymous_8)","decl":{"start":{"line":111,"column":34},"end":{"line":111,"column":35}},"loc":{"start":{"line":111,"column":48},"end":{"line":131,"column":5}}},"9":{"name":"(anonymous_9)","decl":{"start":{"line":159,"column":6},"end":{"line":159,"column":16}},"loc":{"start":{"line":159,"column":42},"end":{"line":199,"column":7}}},"10":{"name":"(anonymous_10)","decl":{"start":{"line":160,"column":52},"end":{"line":160,"column":53}},"loc":{"start":{"line":160,"column":67},"end":{"line":167,"column":9}}},"11":{"name":"(anonymous_11)","decl":{"start":{"line":168,"column":46},"end":{"line":168,"column":47}},"loc":{"start":{"line":169,"column":10},"end":{"line":171,"column":65}}},"12":{"name":"default_1","decl":{"start":{"line":238,"column":0},"end":{"line":238,"column":25}},"loc":{"start":{"line":242,"column":1},"end":{"line":251,"column":1}}},"13":{"name":"(anonymous_13)","decl":{"start":{"line":245,"column":6},"end":{"line":245,"column":14}},"loc":{"start":{"line":245,"column":41},"end":{"line":248,"column":7}}}},"branchMap":{"0":{"loc":{"start":{"line":20,"column":4},"end":{"line":63,"column":5}},"type":"if","locations":[{"start":{"line":20,"column":4},"end":{"line":63,"column":5}},{"start":{"line":31,"column":11},"end":{"line":63,"column":5}}]},"1":{"loc":{"start":{"line":31,"column":11},"end":{"line":63,"column":5}},"type":"if","locations":[{"start":{"line":31,"column":11},"end":{"line":63,"column":5}},{"start":{"line":47,"column":11},"end":{"line":63,"column":5}}]},"2":{"loc":{"start":{"line":34,"column":8},"end":{"line":45,"column":9}},"type":"if","locations":[{"start":{"line":34,"column":8},"end":{"line":45,"column":9}}]},"3":{"loc":{"start":{"line":47,"column":11},"end":{"line":63,"column":5}},"type":"if","locations":[{"start":{"line":47,"column":11},"end":{"line":63,"column":5}}]},"4":{"loc":{"start":{"line":50,"column":8},"end":{"line":61,"column":9}},"type":"if","locations":[{"start":{"line":50,"column":8},"end":{"line":61,"column":9}}]},"5":{"loc":{"start":{"line":50,"column":12},"end":{"line":50,"column":74}},"type":"binary-expr","locations":[{"start":{"line":50,"column":12},"end":{"line":50,"column":40}},{"start":{"line":50,"column":44},"end":{"line":50,"column":74}}]},"6":{"loc":{"start":{"line":72,"column":6},"end":{"line":78,"column":7}},"type":"if","locations":[{"start":{"line":72,"column":6},"end":{"line":78,"column":7}}]},"7":{"loc":{"start":{"line":73,"column":8},"end":{"line":75,"column":58}},"type":"binary-expr","locations":[{"start":{"line":73,"column":8},"end":{"line":73,"column":32}},{"start":{"line":74,"column":9},"end":{"line":74,"column":55}},{"start":{"line":75,"column":10},"end":{"line":75,"column":57}}]},"8":{"loc":{"start":{"line":84,"column":2},"end":{"line":90,"column":3}},"type":"if","locations":[{"start":{"line":84,"column":2},"end":{"line":90,"column":3}}]},"9":{"loc":{"start":{"line":84,"column":6},"end":{"line":84,"column":37}},"type":"binary-expr","locations":[{"start":{"line":84,"column":6},"end":{"line":84,"column":14}},{"start":{"line":84,"column":18},"end":{"line":84,"column":37}}]},"10":{"loc":{"start":{"line":86,"column":6},"end":{"line":88,"column":7}},"type":"if","locations":[{"start":{"line":86,"column":6},"end":{"line":88,"column":7}}]},"11":{"loc":{"start":{"line":92,"column":2},"end":{"line":235,"column":3}},"type":"if","locations":[{"start":{"line":92,"column":2},"end":{"line":235,"column":3}}]},"12":{"loc":{"start":{"line":92,"column":6},"end":{"line":92,"column":71}},"type":"binary-expr","locations":[{"start":{"line":92,"column":6},"end":{"line":92,"column":17}},{"start":{"line":92,"column":21},"end":{"line":92,"column":40}},{"start":{"line":92,"column":44},"end":{"line":92,"column":71}}]},"13":{"loc":{"start":{"line":101,"column":6},"end":{"line":105,"column":7}},"type":"if","locations":[{"start":{"line":101,"column":6},"end":{"line":105,"column":7}},{"start":{"line":103,"column":13},"end":{"line":105,"column":7}}]},"14":{"loc":{"start":{"line":112,"column":6},"end":{"line":130,"column":7}},"type":"if","locations":[{"start":{"line":112,"column":6},"end":{"line":130,"column":7}},{"start":{"line":119,"column":13},"end":{"line":130,"column":7}}]},"15":{"loc":{"start":{"line":119,"column":13},"end":{"line":130,"column":7}},"type":"if","locations":[{"start":{"line":119,"column":13},"end":{"line":130,"column":7}}]},"16":{"loc":{"start":{"line":120,"column":35},"end":{"line":120,"column":53}},"type":"cond-expr","locations":[{"start":{"line":120,"column":47},"end":{"line":120,"column":49}},{"start":{"line":120,"column":47},"end":{"line":120,"column":53}}]},"17":{"loc":{"start":{"line":120,"column":35},"end":{"line":120,"column":49}},"type":"binary-expr","locations":[{"start":{"line":120,"column":35},"end":{"line":120,"column":49}},{"start":{"line":120,"column":47},"end":{"line":120,"column":49}}]},"18":{"loc":{"start":{"line":152,"column":6},"end":{"line":156,"column":26}},"type":"cond-expr","locations":[{"start":{"line":153,"column":10},"end":{"line":153,"column":12}},{"start":{"line":154,"column":10},"end":{"line":156,"column":26}}]},"19":{"loc":{"start":{"line":154,"column":10},"end":{"line":156,"column":26}},"type":"cond-expr","locations":[{"start":{"line":155,"column":11},"end":{"line":155,"column":56}},{"start":{"line":156,"column":10},"end":{"line":156,"column":26}}]},"20":{"loc":{"start":{"line":163,"column":12},"end":{"line":165,"column":50}},"type":"binary-expr","locations":[{"start":{"line":163,"column":12},"end":{"line":163,"column":42}},{"start":{"line":164,"column":12},"end":{"line":164,"column":45}},{"start":{"line":165,"column":12},"end":{"line":165,"column":50}}]},"21":{"loc":{"start":{"line":169,"column":10},"end":{"line":171,"column":65}},"type":"cond-expr","locations":[{"start":{"line":170,"column":14},"end":{"line":170,"column":77}},{"start":{"line":171,"column":14},"end":{"line":171,"column":65}}]},"22":{"loc":{"start":{"line":170,"column":14},"end":{"line":170,"column":77}},"type":"binary-expr","locations":[{"start":{"line":170,"column":14},"end":{"line":170,"column":41}},{"start":{"line":170,"column":45},"end":{"line":170,"column":77}}]},"23":{"loc":{"start":{"line":171,"column":14},"end":{"line":171,"column":65}},"type":"binary-expr","locations":[{"start":{"line":171,"column":14},"end":{"line":171,"column":35}},{"start":{"line":171,"column":39},"end":{"line":171,"column":65}}]},"24":{"loc":{"start":{"line":173,"column":8},"end":{"line":198,"column":9}},"type":"if","locations":[{"start":{"line":173,"column":8},"end":{"line":198,"column":9}}]},"25":{"loc":{"start":{"line":174,"column":10},"end":{"line":175,"column":63}},"type":"binary-expr","locations":[{"start":{"line":174,"column":10},"end":{"line":174,"column":55}},{"start":{"line":175,"column":10},"end":{"line":175,"column":63}}]},"26":{"loc":{"start":{"line":175,"column":30},"end":{"line":175,"column":62}},"type":"cond-expr","locations":[{"start":{"line":175,"column":54},"end":{"line":175,"column":56}},{"start":{"line":175,"column":54},"end":{"line":175,"column":62}}]},"27":{"loc":{"start":{"line":175,"column":30},"end":{"line":175,"column":56}},"type":"binary-expr","locations":[{"start":{"line":175,"column":30},"end":{"line":175,"column":56}},{"start":{"line":175,"column":54},"end":{"line":175,"column":56}}]},"28":{"loc":{"start":{"line":177,"column":10},"end":{"line":197,"column":11}},"type":"if","locations":[{"start":{"line":177,"column":10},"end":{"line":197,"column":11}},{"start":{"line":181,"column":17},"end":{"line":197,"column":11}}]},"29":{"loc":{"start":{"line":181,"column":17},"end":{"line":197,"column":11}},"type":"if","locations":[{"start":{"line":181,"column":17},"end":{"line":197,"column":11}}]},"30":{"loc":{"start":{"line":182,"column":12},"end":{"line":196,"column":13}},"type":"if","locations":[{"start":{"line":182,"column":12},"end":{"line":196,"column":13}},{"start":{"line":189,"column":19},"end":{"line":196,"column":13}}]},"31":{"loc":{"start":{"line":207,"column":6},"end":{"line":207,"column":49}},"type":"cond-expr","locations":[{"start":{"line":207,"column":16},"end":{"line":207,"column":42}},{"start":{"line":207,"column":45},"end":{"line":207,"column":49}}]},"32":{"loc":{"start":{"line":215,"column":6},"end":{"line":215,"column":49}},"type":"cond-expr","locations":[{"start":{"line":215,"column":16},"end":{"line":215,"column":42}},{"start":{"line":215,"column":45},"end":{"line":215,"column":49}}]},"33":{"loc":{"start":{"line":222,"column":4},"end":{"line":222,"column":60}},"type":"binary-expr","locations":[{"start":{"line":222,"column":4},"end":{"line":222,"column":17}},{"start":{"line":222,"column":21},"end":{"line":222,"column":60}}]},"34":{"loc":{"start":{"line":222,"column":4},"end":{"line":222,"column":17}},"type":"cond-expr","locations":[{"start":{"line":222,"column":11},"end":{"line":222,"column":13}},{"start":{"line":222,"column":11},"end":{"line":222,"column":17}}]},"35":{"loc":{"start":{"line":222,"column":4},"end":{"line":222,"column":13}},"type":"binary-expr","locations":[{"start":{"line":222,"column":4},"end":{"line":222,"column":13}},{"start":{"line":222,"column":11},"end":{"line":222,"column":13}}]},"36":{"loc":{"start":{"line":222,"column":46},"end":{"line":222,"column":59}},"type":"cond-expr","locations":[{"start":{"line":222,"column":53},"end":{"line":222,"column":55}},{"start":{"line":222,"column":53},"end":{"line":222,"column":59}}]},"37":{"loc":{"start":{"line":222,"column":46},"end":{"line":222,"column":55}},"type":"binary-expr","locations":[{"start":{"line":222,"column":46},"end":{"line":222,"column":55}},{"start":{"line":222,"column":53},"end":{"line":222,"column":55}}]},"38":{"loc":{"start":{"line":225,"column":4},"end":{"line":234,"column":5}},"type":"if","locations":[{"start":{"line":225,"column":4},"end":{"line":234,"column":5}},{"start":{"line":232,"column":11},"end":{"line":234,"column":5}}]}},"s":{"0":12,"1":22,"2":22,"3":11,"4":11,"5":11,"6":9,"7":18,"8":18,"9":18,"10":2,"11":2,"12":4,"13":4,"14":4,"15":12,"16":67,"17":67,"18":42,"19":31,"20":67,"21":67,"22":67,"23":7,"24":7,"25":7,"26":67,"27":12,"28":12,"29":12,"30":12,"31":42,"32":12,"33":30,"34":12,"35":12,"36":12,"37":30,"38":22,"39":8,"40":4,"41":4,"42":12,"43":12,"44":12,"45":12,"46":83,"47":191,"48":191,"49":83,"50":70,"51":83,"52":40,"53":22,"54":18,"55":10,"56":4,"57":6,"58":12,"59":12,"60":12,"61":12,"62":12,"63":12,"64":7,"65":7,"66":7,"67":5,"68":12,"69":67,"70":67,"71":12},"f":{"0":22,"1":22,"2":18,"3":4,"4":67,"5":42,"6":7,"7":42,"8":30,"9":83,"10":191,"11":70,"12":12,"13":67},"b":{"0":[11,11],"1":[9,2],"2":[18],"3":[2],"4":[4],"5":[4,4],"6":[31],"7":[42,42,18],"8":[7],"9":[67,7],"10":[7],"11":[12],"12":[67,31,24],"13":[12,30],"14":[22,8],"15":[4],"16":[0,4],"17":[4,4],"18":[3,9],"19":[3,6],"20":[191,191,191],"21":[30,40],"22":[30,30],"23":[40,40],"24":[40],"25":[83,51],"26":[27,24],"27":[51,51],"28":[22,18],"29":[10],"30":[4,6],"31":[6,6],"32":[6,6],"33":[12,6],"34":[6,6],"35":[12,6],"36":[0,6],"37":[6,6],"38":[7,5]}}
,"/home/s/Desktop/proj/scyberLink/babel-plugin-transform-reblend-function-to-class/src/test/testUtils.ts": {"path":"/home/s/Desktop/proj/scyberLink/babel-plugin-transform-reblend-function-to-class/src/test/testUtils.ts","statementMap":{"0":{"start":{"line":1,"column":0},"end":{"line":1,"column":29}},"1":{"start":{"line":2,"column":0},"end":{"line":2,"column":25}},"2":{"start":{"line":3,"column":0},"end":{"line":3,"column":44}},"3":{"start":{"line":11,"column":24},"end":{"line":11,"column":79}},"4":{"start":{"line":12,"column":25},"end":{"line":14,"column":30}},"5":{"start":{"line":17,"column":20},"end":{"line":17,"column":58}},"6":{"start":{"line":21,"column":17},"end":{"line":24,"column":4}},"7":{"start":{"line":26,"column":21},"end":{"line":26,"column":59}},"8":{"start":{"line":28,"column":16},"end":{"line":28,"column":71}},"9":{"start":{"line":28,"column":22},"end":{"line":28,"column":71}},"10":{"start":{"line":29,"column":25},"end":{"line":29,"column":30}},"11":{"start":{"line":30,"column":35},"end":{"line":30,"column":37}},"12":{"start":{"line":31,"column":2},"end":{"line":44,"column":3}},"13":{"start":{"line":33,"column":4},"end":{"line":33,"column":65}},"14":{"start":{"line":35,"column":4},"end":{"line":43,"column":5}},"15":{"start":{"line":36,"column":6},"end":{"line":36,"column":14}},"16":{"start":{"line":37,"column":6},"end":{"line":37,"column":21}},"17":{"start":{"line":38,"column":6},"end":{"line":40,"column":8}},"18":{"start":{"line":42,"column":6},"end":{"line":42,"column":18}},"19":{"start":{"line":46,"column":2},"end":{"line":46,"column":38}},"20":{"start":{"line":48,"column":2},"end":{"line":51,"column":4}},"21":{"start":{"line":10,"column":0},"end":{"line":10,"column":16}},"22":{"start":{"line":55,"column":2},"end":{"line":61,"column":3}},"23":{"start":{"line":60,"column":4},"end":{"line":60,"column":11}},"24":{"start":{"line":62,"column":2},"end":{"line":64,"column":3}},"25":{"start":{"line":63,"column":4},"end":{"line":63,"column":24}},"26":{"start":{"line":65,"column":2},"end":{"line":68,"column":3}},"27":{"start":{"line":66,"column":20},"end":{"line":66,"column":47}},"28":{"start":{"line":67,"column":4},"end":{"line":67,"column":33}},"29":{"start":{"line":54,"column":0},"end":{"line":54,"column":16}}},"fnMap":{"0":{"name":"run","decl":{"start":{"line":10,"column":16},"end":{"line":10,"column":19}},"loc":{"start":{"line":10,"column":53},"end":{"line":52,"column":1}}},"1":{"name":"(anonymous_7)","decl":{"start":{"line":28,"column":16},"end":{"line":28,"column":19}},"loc":{"start":{"line":28,"column":22},"end":{"line":28,"column":71}}},"2":{"name":"generateOutputFiles","decl":{"start":{"line":54,"column":16},"end":{"line":54,"column":35}},"loc":{"start":{"line":54,"column":49},"end":{"line":69,"column":1}}}},"branchMap":{"0":{"loc":{"start":{"line":10,"column":33},"end":{"line":10,"column":53}},"type":"default-arg","locations":[{"start":{"line":10,"column":48},"end":{"line":10,"column":53}}]},"1":{"loc":{"start":{"line":35,"column":4},"end":{"line":43,"column":5}},"type":"if","locations":[{"start":{"line":35,"column":4},"end":{"line":43,"column":5}},{"start":{"line":41,"column":11},"end":{"line":43,"column":5}}]},"2":{"loc":{"start":{"line":46,"column":2},"end":{"line":46,"column":37}},"type":"binary-expr","locations":[{"start":{"line":46,"column":2},"end":{"line":46,"column":14}},{"start":{"line":46,"column":18},"end":{"line":46,"column":26}},{"start":{"line":46,"column":30},"end":{"line":46,"column":37}}]},"3":{"loc":{"start":{"line":50,"column":25},"end":{"line":50,"column":71}},"type":"cond-expr","locations":[{"start":{"line":50,"column":40},"end":{"line":50,"column":50}},{"start":{"line":50,"column":53},"end":{"line":50,"column":71}}]},"4":{"loc":{"start":{"line":54,"column":36},"end":{"line":54,"column":49}},"type":"default-arg","locations":[{"start":{"line":54,"column":47},"end":{"line":54,"column":49}}]},"5":{"loc":{"start":{"line":55,"column":2},"end":{"line":61,"column":3}},"type":"if","locations":[{"start":{"line":55,"column":2},"end":{"line":61,"column":3}}]},"6":{"loc":{"start":{"line":56,"column":4},"end":{"line":58,"column":40}},"type":"binary-expr","locations":[{"start":{"line":56,"column":4},"end":{"line":56,"column":13}},{"start":{"line":57,"column":4},"end":{"line":57,"column":28}},{"start":{"line":58,"column":4},"end":{"line":58,"column":40}}]},"7":{"loc":{"start":{"line":62,"column":2},"end":{"line":64,"column":3}},"type":"if","locations":[{"start":{"line":62,"column":2},"end":{"line":64,"column":3}}]}},"s":{"0":12,"1":12,"2":12,"3":12,"4":12,"5":12,"6":12,"7":12,"8":12,"9":0,"10":12,"11":12,"12":12,"13":12,"14":0,"15":0,"16":0,"17":0,"18":0,"19":12,"20":12,"21":12,"22":0,"23":0,"24":0,"25":0,"26":0,"27":0,"28":0,"29":12},"f":{"0":12,"1":0,"2":0},"b":{"0":[12],"1":[0,0],"2":[12,0,0],"3":[0,12],"4":[0],"5":[0],"6":[0,0,0],"7":[0]}}
}
