TN:
SF:babel.config.js
FNF:0
FNH:0
DA:1,12
LF:1
LH:1
BRF:0
BRH:0
end_of_record
TN:
SF:src/index.ts
FN:13,(anonymous_0)
FN:19,(anonymous_1)
FN:33,(anonymous_2)
FN:49,(anonymous_3)
FN:67,(anonymous_4)
FN:71,(anonymous_5)
FN:85,(anonymous_6)
FN:100,(anonymous_7)
FN:111,(anonymous_8)
FN:159,(anonymous_9)
FN:160,(anonymous_10)
FN:168,(anonymous_11)
FN:238,default_1
FN:245,(anonymous_13)
FNF:14
FNH:14
FNDA:22,(anonymous_0)
FNDA:22,(anonymous_1)
FNDA:18,(anonymous_2)
FNDA:4,(anonymous_3)
FNDA:67,(anonymous_4)
FNDA:42,(anonymous_5)
FNDA:7,(anonymous_6)
FNDA:42,(anonymous_7)
FNDA:30,(anonymous_8)
FNDA:83,(anonymous_9)
FNDA:191,(anonymous_10)
FNDA:70,(anonymous_11)
FNDA:12,default_1
FNDA:67,(anonymous_13)
DA:13,12
DA:19,22
DA:20,22
DA:21,11
DA:22,11
DA:31,11
DA:33,9
DA:34,18
DA:35,18
DA:36,18
DA:47,2
DA:49,2
DA:50,4
DA:51,4
DA:52,4
DA:67,12
DA:68,67
DA:70,67
DA:72,42
DA:77,31
DA:82,67
DA:83,67
DA:84,67
DA:85,7
DA:86,7
DA:87,7
DA:92,67
DA:93,12
DA:95,12
DA:97,12
DA:100,12
DA:101,42
DA:102,12
DA:104,30
DA:108,12
DA:109,12
DA:111,12
DA:112,30
DA:113,22
DA:119,8
DA:120,4
DA:121,4
DA:133,12
DA:144,12
DA:152,12
DA:158,12
DA:160,83
DA:161,191
DA:162,191
DA:168,83
DA:169,70
DA:173,83
DA:177,40
DA:178,22
DA:181,18
DA:182,10
DA:183,4
DA:190,6
DA:202,12
DA:204,12
DA:205,12
DA:213,12
DA:222,12
DA:225,12
DA:226,7
DA:230,7
DA:231,7
DA:233,5
DA:238,12
DA:243,12
DA:246,67
DA:247,67
LF:72
LH:72
BRDA:20,0,0,11
BRDA:20,0,1,11
BRDA:31,1,0,9
BRDA:31,1,1,2
BRDA:34,2,0,18
BRDA:47,3,0,2
BRDA:50,4,0,4
BRDA:50,5,0,4
BRDA:50,5,1,4
BRDA:72,6,0,31
BRDA:73,7,0,42
BRDA:73,7,1,42
BRDA:73,7,2,18
BRDA:84,8,0,7
BRDA:84,9,0,67
BRDA:84,9,1,7
BRDA:86,10,0,7
BRDA:92,11,0,12
BRDA:92,12,0,67
BRDA:92,12,1,31
BRDA:92,12,2,24
BRDA:101,13,0,12
BRDA:101,13,1,30
BRDA:112,14,0,22
BRDA:112,14,1,8
BRDA:119,15,0,4
BRDA:120,16,0,0
BRDA:120,16,1,4
BRDA:120,17,0,4
BRDA:120,17,1,4
BRDA:152,18,0,3
BRDA:152,18,1,9
BRDA:154,19,0,3
BRDA:154,19,1,6
BRDA:163,20,0,191
BRDA:163,20,1,191
BRDA:163,20,2,191
BRDA:169,21,0,30
BRDA:169,21,1,40
BRDA:170,22,0,30
BRDA:170,22,1,30
BRDA:171,23,0,40
BRDA:171,23,1,40
BRDA:173,24,0,40
BRDA:174,25,0,83
BRDA:174,25,1,51
BRDA:175,26,0,27
BRDA:175,26,1,24
BRDA:175,27,0,51
BRDA:175,27,1,51
BRDA:177,28,0,22
BRDA:177,28,1,18
BRDA:181,29,0,10
BRDA:182,30,0,4
BRDA:182,30,1,6
BRDA:207,31,0,6
BRDA:207,31,1,6
BRDA:215,32,0,6
BRDA:215,32,1,6
BRDA:222,33,0,12
BRDA:222,33,1,6
BRDA:222,34,0,6
BRDA:222,34,1,6
BRDA:222,35,0,12
BRDA:222,35,1,6
BRDA:222,36,0,0
BRDA:222,36,1,6
BRDA:222,37,0,6
BRDA:222,37,1,6
BRDA:225,38,0,7
BRDA:225,38,1,5
BRF:71
BRH:69
end_of_record
TN:
SF:src/test/testUtils.ts
FN:10,run
FN:28,(anonymous_7)
FN:54,generateOutputFiles
FNF:3
FNH:1
FNDA:12,run
FNDA:0,(anonymous_7)
FNDA:0,generateOutputFiles
DA:1,12
DA:2,12
DA:3,12
DA:10,12
DA:11,12
DA:12,12
DA:17,12
DA:21,12
DA:26,12
DA:28,12
DA:29,12
DA:30,12
DA:31,12
DA:33,12
DA:35,0
DA:36,0
DA:37,0
DA:38,0
DA:42,0
DA:46,12
DA:48,12
DA:54,12
DA:55,0
DA:60,0
DA:62,0
DA:63,0
DA:65,0
DA:66,0
DA:67,0
LF:29
LH:17
BRDA:10,0,0,12
BRDA:35,1,0,0
BRDA:35,1,1,0
BRDA:46,2,0,12
BRDA:46,2,1,0
BRDA:46,2,2,0
BRDA:50,3,0,0
BRDA:50,3,1,12
BRDA:54,4,0,0
BRDA:55,5,0,0
BRDA:56,6,0,0
BRDA:56,6,1,0
BRDA:56,6,2,0
BRDA:62,7,0,0
BRF:14
BRH:3
end_of_record
